0 verbose cli /home/container/.nvm/versions/node/v16.9.0/bin/node /home/container/.nvm/versions/node/v16.9.0/bin/npm
1 info using npm@9.3.0
2 info using node@v16.9.0
3 warn cli npm v9.3.0 does not
3 warn cli support Node.js
3 warn cli v16.9.0. You should
3 warn cli probably upgrade to a
3 warn cli newer version of node
3 warn cli as we can't make any
3 warn cli promises that npm
3 warn cli will work with this
3 warn cli version. This version
3 warn cli of npm supports the
3 warn cli following node
3 warn cli versions: `^14.17.0
3 warn cli || ^16.13.0 ||
3 warn cli >=18.0.0`. You can
3 warn cli find the latest
3 warn cli version at
3 warn cli https://nodejs.org/.
4 timing npm:load:whichnode Completed in 1ms
5 timing config:load:defaults Completed in 5ms
6 timing config:load:file:/home/container/.nvm/versions/node/v16.9.0/lib/node_modules/npm/npmrc Completed in 2ms
7 timing config:load:builtin Completed in 2ms
8 timing config:load:cli Completed in 8ms
9 timing config:load:env Completed in 0ms
10 timing config:load:project Completed in 1ms
11 timing config:load:file:/home/container/.npmrc Completed in 0ms
12 timing config:load:user Completed in 0ms
13 timing config:load:file:/home/container/.nvm/versions/node/v16.9.0/etc/npmrc Completed in 0ms
14 timing config:load:global Completed in 0ms
15 timing config:load:setEnvs Completed in 1ms
16 timing config:load Completed in 20ms
17 timing npm:load:configload Completed in 21ms
18 timing npm:load:mkdirpcache Completed in 0ms
19 timing npm:load:mkdirplogs Completed in 0ms
20 verbose title npm install npm@latest
21 verbose argv "install" "npm@latest" "--global"
22 timing npm:load:setTitle Completed in 3ms
23 timing config:load:flatten Completed in 6ms
24 timing npm:load:display Completed in 13ms
25 verbose logfile logs-max:10 dir:/home/container/.npm/_logs/2023-01-13T08_38_33_171Z-
26 verbose logfile /home/container/.npm/_logs/2023-01-13T08_38_33_171Z-debug-0.log
27 timing npm:load:logFile Completed in 9ms
28 timing npm:load:timers Completed in 0ms
29 timing npm:load:configScope Completed in 0ms
30 timing npm:load Completed in 49ms
31 timing config:load:flatten Completed in 1ms
32 silly logfile start cleaning logs, removing 7 files
33 silly logfile done cleaning log files
34 http fetch GET 200 https://registry.npmjs.org/npm 43ms (cache hit)
35 timing command:install Completed in 99ms
36 verbose stack Error: Unsupported engine
36 verbose stack     at Object.checkEngine (/home/container/.nvm/versions/node/v16.9.0/lib/node_modules/npm/node_modules/npm-install-checks/lib/index.js:14:25)
36 verbose stack     at Install.exec (/home/container/.nvm/versions/node/v16.9.0/lib/node_modules/npm/lib/commands/install.js:110:16)
36 verbose stack     at async module.exports (/home/container/.nvm/versions/node/v16.9.0/lib/node_modules/npm/lib/cli.js:134:5)
37 verbose pkgid npm@9.3.0
38 verbose cwd /home/container
39 verbose Linux 4.15.0-200-generic
40 verbose node v16.9.0
41 verbose npm  v9.3.0
42 error code EBADENGINE
43 error engine Unsupported engine
44 error engine Not compatible with your version of node/npm: npm@9.3.0
45 error notsup Not compatible with your version of node/npm: npm@9.3.0
45 error notsup Required: {"node":"^14.17.0 || ^16.13.0 || >=18.0.0"}
45 error notsup Actual:   {"npm":"9.3.0","node":"v16.9.0"}
46 verbose exit 1
47 timing npm Completed in 179ms
48 verbose code 1
49 error A complete log of this run can be found in:
49 error     /home/container/.npm/_logs/2023-01-13T08_38_33_171Z-debug-0.log
