0 verbose cli /home/container/.nvm/versions/node/v16.9.0/bin/node /home/container/.nvm/versions/node/v16.9.0/bin/npm
1 info using npm@9.3.0
2 info using node@v16.9.0
3 warn cli npm v9.3.0 does not
3 warn cli support Node.js
3 warn cli v16.9.0. You should
3 warn cli probably upgrade to a
3 warn cli newer version of node
3 warn cli as we can't make any
3 warn cli promises that npm
3 warn cli will work with this
3 warn cli version. This version
3 warn cli of npm supports the
3 warn cli following node
3 warn cli versions: `^14.17.0
3 warn cli || ^16.13.0 ||
3 warn cli >=18.0.0`. You can
3 warn cli find the latest
3 warn cli version at
3 warn cli https://nodejs.org/.
4 timing npm:load:whichnode Completed in 2ms
5 timing config:load:defaults Completed in 3ms
6 timing config:load:file:/home/container/.nvm/versions/node/v16.9.0/lib/node_modules/npm/npmrc Completed in 1ms
7 timing config:load:builtin Completed in 2ms
8 timing config:load:cli Completed in 7ms
9 timing config:load:env Completed in 1ms
10 timing config:load:project Completed in 1ms
11 timing config:load:file:/home/container/.npmrc Completed in 0ms
12 timing config:load:user Completed in 0ms
13 timing config:load:file:/home/container/.nvm/versions/node/v16.9.0/etc/npmrc Completed in 0ms
14 timing config:load:global Completed in 0ms
15 timing config:load:setEnvs Completed in 2ms
16 timing config:load Completed in 17ms
17 timing npm:load:configload Completed in 18ms
18 timing npm:load:mkdirpcache Completed in 0ms
19 timing npm:load:mkdirplogs Completed in 1ms
20 verbose title npm i yarn
21 verbose argv "i" "--global" "yarn"
22 timing npm:load:setTitle Completed in 2ms
23 timing config:load:flatten Completed in 5ms
24 timing npm:load:display Completed in 12ms
25 verbose logfile logs-max:10 dir:/home/container/.npm/_logs/2023-01-13T08_38_34_721Z-
26 verbose logfile /home/container/.npm/_logs/2023-01-13T08_38_34_721Z-debug-0.log
27 timing npm:load:logFile Completed in 8ms
28 timing npm:load:timers Completed in 0ms
29 timing npm:load:configScope Completed in 0ms
30 timing npm:load Completed in 43ms
31 timing config:load:flatten Completed in 1ms
32 timing arborist:ctor Completed in 1ms
33 silly logfile start cleaning logs, removing 2 files
34 silly logfile done cleaning log files
35 timing idealTree:init Completed in 11ms
36 timing idealTree:userRequests Completed in 7ms
37 silly idealTree buildDeps
38 silly fetch manifest yarn@*
39 http fetch GET 200 https://registry.npmjs.org/yarn 37ms (cache hit)
40 silly placeDep ROOT yarn@1.22.19 OK for:  want: *
41 timing idealTree:#root Completed in 56ms
42 timing idealTree:node_modules/yarn Completed in 0ms
43 timing idealTree:buildDeps Completed in 58ms
44 timing idealTree:fixDepFlags Completed in 1ms
45 timing idealTree Completed in 79ms
46 timing reify:loadTrees Completed in 86ms
47 timing reify:diffTrees Completed in 2ms
48 silly reify mark retired [
48 silly reify   '/home/container/.nvm/versions/node/v16.9.0/lib/node_modules/yarn',
48 silly reify   '/home/container/.nvm/versions/node/v16.9.0/bin/yarn',
48 silly reify   '/home/container/.nvm/versions/node/v16.9.0/bin/yarnpkg'
48 silly reify ]
49 silly reify moves {
49 silly reify   '/home/container/.nvm/versions/node/v16.9.0/lib/node_modules/yarn': '/home/container/.nvm/versions/node/v16.9.0/lib/node_modules/.yarn-legCLHF0',
49 silly reify   '/home/container/.nvm/versions/node/v16.9.0/bin/yarn': '/home/container/.nvm/versions/node/v16.9.0/bin/.yarn-oK99mhCa',
49 silly reify   '/home/container/.nvm/versions/node/v16.9.0/bin/yarnpkg': '/home/container/.nvm/versions/node/v16.9.0/bin/.yarnpkg-3OIN3Ui3'
49 silly reify }
50 timing reify:retireShallow Completed in 5ms
51 timing reify:createSparse Completed in 0ms
52 timing reify:loadBundles Completed in 0ms
53 timing reifyNode:node_modules/yarn Completed in 118ms
54 timing reify:unpack Completed in 119ms
55 timing reify:unretire Completed in 0ms
56 timing build:queue Completed in 1ms
57 info run yarn@1.22.19 preinstall node_modules/yarn :; (node ./preinstall.js > /dev/null 2>&1 || true)
58 info run yarn@1.22.19 preinstall { code: 0, signal: null }
59 timing build:run:preinstall:node_modules/yarn Completed in 841ms
60 timing build:run:preinstall Completed in 843ms
61 timing build:link:node_modules/yarn Completed in 6ms
62 timing build:link Completed in 7ms
63 timing build:deps Completed in 851ms
64 timing build Completed in 852ms
65 timing reify:build Completed in 852ms
66 timing reify:trash Completed in 4ms
67 timing reify Completed in 1083ms
68 silly CHANGE node_modules/yarn
69 timing command:i Completed in 1093ms
70 verbose exit 0
71 timing npm Completed in 1159ms
72 info ok
